Preprocessing library Gluon-0.1.0.0...
[4 of 5] Compiling FileServer       ( src\FileServer.hs, .stack-work\dist\b7fec021\build\FileServer.o )

src\FileServer.hs:46:27: error:
    * Couldn't match expected type `IO Identity'
                  with actual type `Identity'
    * In a stmt of a 'do' block:
        fileServerIdentity <- Identity
                                (address fileServerIdentity) p FileServer
      In the expression:
        do { let dir = path resources;
             createDirectoryIfMissing True dir;
             setCurrentDirectory dir;
             fileServerIdentity <- Identity
                                     (address fileServerIdentity) p FileServer;
             .... }
      In an equation for `mkFileServer':
          mkFileServer p
            = do { let dir = ...;
                   createDirectoryIfMissing True dir;
                   setCurrentDirectory dir;
                   .... }
