[1 of 2] Compiling Main             ( C:\Users\TARDIS\AppData\Local\Temp\stack2664\http-api-data-0.3.2\Setup.lhs, C:\Users\TARDIS\AppData\Local\Temp\stack2664\http-api-data-0.3.2\.stack-work\dist\b7fec021\setup\Main.o )

C:\Users\TARDIS\AppData\Local\Temp\stack2664\http-api-data-0.3.2\Setup.lhs:44:69: warning: [-Wdeprecations]
    In the use of type constructor or class `InstalledPackageId'
    (imported from Distribution.Package):
    Deprecated: "Use UnitId instead"
[2 of 2] Compiling StackSetupShim   ( C:\sr\setup-exe-src\setup-shim-Z6RU0evB.hs, C:\Users\TARDIS\AppData\Local\Temp\stack2664\http-api-data-0.3.2\.stack-work\dist\b7fec021\setup\StackSetupShim.o )
Linking C:\Users\TARDIS\AppData\Local\Temp\stack2664\http-api-data-0.3.2\.stack-work\dist\b7fec021\setup\setup.exe ...
Configuring http-api-data-0.3.2...
Building http-api-data-0.3.2...
Preprocessing library http-api-data-0.3.2...
[1 of 4] Compiling Web.Internal.HttpApiData ( src\Web\Internal\HttpApiData.hs, .stack-work\dist\b7fec021\build\Web\Internal\HttpApiData.o )

src\Web\Internal\HttpApiData.hs:534:30: warning: [-Wdeprecations]
    In the use of `parseTime'
    (imported from Data.Time, but defined in time-1.6.0.1:Data.Time.Format.Parse):
    Deprecated: "use "parseTimeM True" instead"
[2 of 4] Compiling Web.Internal.FormUrlEncoded ( src\Web\Internal\FormUrlEncoded.hs, .stack-work\dist\b7fec021\build\Web\Internal\FormUrlEncoded.o )
[3 of 4] Compiling Web.FormUrlEncoded ( src\Web\FormUrlEncoded.hs, .stack-work\dist\b7fec021\build\Web\FormUrlEncoded.o )
[4 of 4] Compiling Web.HttpApiData  ( src\Web\HttpApiData.hs, .stack-work\dist\b7fec021\build\Web\HttpApiData.o )
Installing library in
E:\Development\Haskell\Projects\Gluon\.stack-work\install\1bb99e24\lib\x86_64-windows-ghc-8.0.1\http-api-data-0.3.2-A22DPUhAmUlrIoBZ4qkGB
Registering http-api-data-0.3.2...
